Server Running
login : 2
login : 3
login : 4
login : 4
login : 1
user disconnected : 4
undefinedclients left
login : 5
login : rr
Message from rr : 여기는
Message from rr : 익스플로러 입니다.
login : rqweqe
login : rrrqwe
user disconnected : rrrqwe
undefinedclients left
login : 12315556
login : 45469456
login : 87987546546
login : 호우?
login : 7/8513513
login : 호우!
login : hjarhlqjrlqr
Message from 호우! : 아이엠 그루트
user disconnected : 호우!
undefinedclients left
user disconnected : 호우?
undefinedclients left
user disconnected : 12315556
undefinedclients left
user disconnected : 7/8513513
undefinedclients left
user disconnected : 87987546546
undefinedclients left
user disconnected : rqweqe
undefinedclients left
user disconnected : rr
undefinedclients left
user disconnected : 45469456
undefinedclients left
user disconnected : 3
undefinedclients left
user disconnected : hjarhlqjrlqr
undefinedclients left
user disconnected : 2
undefinedclients left
user disconnected : 5
undefinedclients left
user disconnected : 1
undefinedclients left
user disconnected : 4
undefinedclients left
login : 1
user disconnected : 1
undefinedclients left
login : 개빡
login : 개굿
login : ㅁㅁㅁ
Message from ㅁㅁㅁ : 여기가
Message from ㅁㅁㅁ : 레스토랑스 입니까
Message from 개굿 : 얍쓰
Message from 개굿 : 이거
Message from 개굿 : 카톡처럼
Message from 개굿 : 왼쪽 오른쪽 지리재
Message from 개빡 : 응 지려버렸다
login : SagaSil
Message from ㅁㅁㅁ : gjf
Message from ㅁㅁㅁ : 헐
Message from ㅁㅁㅁ : 난
Message from 개굿 : 쩐다
Message from ㅁㅁㅁ : 무엇을
Message from 개굿 : 오른족 왼쪽 뜬데이
login : 황의원 ㅡㅡㅡ
Message from SagaSil : ㅋㅋㅋ
Message from 개굿 : 개꿀
Message from ㅁㅁㅁ : 의원아
Message from 개굿 : ~_~
Message from 황의원 ㅡㅡㅡ : 나는 바보다
Message from 황의원 ㅡㅡㅡ : 나는 바보다
Message from 개굿 : ㅇㅇㅇㅇㅇㅇㅇㅇㅇㅇㅇㅇㅇㅇㅇㅇㅇㅇㅇㅇㅇㅇㅇㅇㅇㅇㅇㅇㅇㅇㅇㅇㅇㅇㅇㅇㅇㅇㅇㅇㅇㅇㅇㅇㅇㅇㅇㅇㅇㅇㅇㅇㅇㅇㅇㅇㅇㅇㅇㅇㅇㅇㅇㅇㅇㅇㅇㅇㅇ
Message from 개굿 : 보셈
Message from 개굿 : 2줄도 됨
Message from 개굿 : 두줄도 됨
Message from ㅁㅁㅁ : ㅇㅇ
Message from ㅁㅁㅁ : ㅇ
Message from ㅁㅁㅁ : ㅇ
Message from ㅁㅁㅁ : ㅇ
Message from ㅁㅁㅁ : ㅇ
Message from 황의원 ㅡㅡㅡ : 나 황의원은 바보다
Message from ㅁㅁㅁ : ㅇ
Message from ㅁㅁㅁ : ㅇ
Message from ㅁㅁㅁ : ㅇ
Message from ㅁㅁㅁ : ㅇ
Message from ㅁㅁㅁ : 
Message from ㅁㅁㅁ : ㅇ
Message from ㅁㅁㅁ : ㅇ
Message from ㅁㅁㅁ : ㅇ
Message from ㅁㅁㅁ : ㅇ
Message from ㅁㅁㅁ : ㅇ
Message from ㅁㅁㅁ : ㅇ
Message from ㅁㅁㅁ : 
Message from ㅁㅁㅁ : ㅇ
Message from 개굿 : ㅇㅇㅇㅇㅇㅇㅇㅇㅇㅇㅇㅇㅇㅇㅇㅇㅇㅇㅇㅇㅇㅇㅇㅇ
Message from ㅁㅁㅁ : 
Message from 개굿 : ㅇ
Message from ㅁㅁㅁ : ㅇ
Message from ㅁㅁㅁ : ㅇ
Message from 개굿 : ㅇ
Message from 개굿 : ㅇ
Message from ㅁㅁㅁ : ㅇ
Message from 개굿 : ㅇ
Message from 개굿 : ㅇ
Message from 개굿 : ㅇ
Message from 개굿 : ㅇ
Message from 개굿 : ㅇ
Message from 개굿 : ㅇ
Message from 개굿 : ㅇ
Message from 개굿 : 
Message from 개굿 : ㅇ
Message from 개굿 : ㅇ
Message from 개굿 : ㅇㄹ
Message from 개굿 : ㄴ
Message from 개굿 : ㄹㄴ
Message from 개굿 : ㄹㄴ
Message from 개굿 : ㄹㄴㅇ
Message from 개굿 : ㄹㄴㄹ
Message from 개굿 : ㄴㅇㄹ
Message from 개굿 : ㄴㄹ
Message from 개굿 : ㅇㄹ
Message from 개굿 : ㄴㄹ
Message from 개굿 : ㅁㄴㅇㄹ
Message from 개굿 : ㅁㅇㄹ
Message from 개굿 : ㅁㅇㄹ
Message from 개굿 : ㅁㅇㄹ
Message from 개굿 : ㅁㅇ
Message from 개굿 : ㅁㅇㄹ
Message from 개굿 : ㅁㅇ
Message from 개굿 : ㅁ
Message from SagaSil : 도배 .. 미띈 ;
Message from 개빡 : 
Message from 개빡 : ㄹ
Message from 개빡 : ㅁ
Message from 개빡 : ㅇㄹ
Message from 개빡 : ㅁㅇㄹ
Message from ㅁㅁㅁ : ㅇㅇㅇㅇㅇㅇㅇㅇㅇㅇㅇㅇㅇㅇㅇㅇㅇㅇㅇㅇㅇㅇㅇㅇㅇㅇㅇㅇㅇㅇㅇㅇㅇㅇㅇㅇㅇㅇㅇㅇㅇㅇㅇㅇㅇㅇㅇㅇㅇㅇㅇㅇㅇㅇㅇㅇㅇㅇㅇㅇㅇㅇㅇㅇㅇㅇㅇㅇㅇㅇㅇㅇㅇㅇㅇㅇㅇㅇㅇㅇㅇㅇㅇㅇㅇㅇㅇㅇ
Message from 개빡 : ㅁㅇㄹ
Message from 개빡 : ㅁㅇㄹ
Message from 개빡 : ㅇㄹ
Message from 개빡 : ㅁㅇㄹ
Message from 개빡 : ㅁ
Message from 개빡 : ㅇㄻㅇㄹ
Message from 개빡 : 
Message from 개빡 : ㅁ
Message from 개빡 : ㅇㄹ
Message from 개빡 : ㅁ
Message from 개빡 : ㄴㄹ
Message from 개빡 : ㅁㄴㄹㅇ
Message from SagaSil : 
Message from ㅁㅁㅁ : ㅇㅇㅇㅇㅇㅇㅇㅇㅇㅇㅇㅇㅇ
Message from SagaSil : ㅇ ㅁㅇ
Message from ㅁㅁㅁ : ㅇㅇㅇㅇㅇㅇㅇㅇㅇㅇㅇㅇㅇㅇㅇㅇㅇㅇㅇㅇㅇㅇㅇㅇㅇㅇㅇㅇㅇ
Message from 개빡 : ㄴㅇㅇㅇㅇㅇㅇㅇㅇㅇㅇㅇㅇㅇㅇㅇㅇㅇㅇㅇㅇㅇㅇㅇㅇㅇㅇㅇㅇㅇㅇㅇㅇㅇㅇㅇㅇㅇㅇㅇㅇㅇㅇㅇㅇㅇㅇㅇㅇㅇㅇㅇㅇㅇㅇㅇㅇㅇㅇㅇㅇㅇㅇㅇㅇㅇㅇㅇㅇㅇㅇㅇ
Message from 개빡 : 조아따
Message from 개빡 : ㅇ-ㅇ
Message from 개빡 : ㅇ3ㅇ
user disconnected : SagaSil
undefinedclients left
user disconnected : 개빡
undefinedclients left
user disconnected : ㅁㅁㅁ
undefinedclients left
user disconnected : 황의원 ㅡㅡㅡ
undefinedclients left
user disconnected : 개굿
undefinedclients left
login : 1
Message from 1 : 뭥
Message from 1 : 뭐야
Message from 1 : 내가 계속 켜놨네
Message from 1 : 아놔
user disconnected : 1
undefinedclients left
